To produce the plots in plots_1Mb.pdf the following method and arguments were used :
mat_comparisons.plot_2_matices_comp(_2_run=['ref', 'orcarun_Wtd_mut'], resol=1Mb, comp_type='triangular', l_score_types=['insulation_count', 'PC1'], mutation=True, gs=gs, f=f, show_legend=True)
mat_comparisons.plot_2_matices_comp(_2_run=['ref', 'orcarun_Wtd_mut'], resol=1Mb, comp_type='substract', l_score_types=[], mutation=True, gs=gs, f=f, j=2)
mat_comparisons.dispersion_plot(data_type='score', l_resol=[1Mb], merged_by=rdm, mut_dist=True, score_type = insulation_count, gs=gs, f=f, j=4)
mat_comparisons.dispersion_plot(data_type='score', l_resol=[1Mb], merged_by=rdm, mut_dist=True, score_type = PC1, gs=gs, f=f, j=4)
mat_comparisons.dispersion_plot(merged_by=rdm, l_resol=[1Mb], gs=gs, f=f, ax=ax)

To produce the plots in plots_2Mb.pdf the following method and arguments were used :
mat_comparisons.plot_2_matices_comp(_2_run=['ref', 'orcarun_Wtd_mut'], resol=2Mb, comp_type='triangular', l_score_types=['insulation_count', 'PC1'], mutation=True, gs=gs, f=f, show_legend=True)
mat_comparisons.plot_2_matices_comp(_2_run=['ref', 'orcarun_Wtd_mut'], resol=2Mb, comp_type='substract', l_score_types=[], mutation=True, gs=gs, f=f, j=2)
mat_comparisons.dispersion_plot(data_type='score', l_resol=[2Mb], merged_by=rdm, mut_dist=True, score_type = insulation_count, gs=gs, f=f, j=4)
mat_comparisons.dispersion_plot(data_type='score', l_resol=[2Mb], merged_by=rdm, mut_dist=True, score_type = PC1, gs=gs, f=f, j=4)
mat_comparisons.dispersion_plot(merged_by=rdm, l_resol=[2Mb], gs=gs, f=f, ax=ax)

To produce the plots in plots_4Mb.pdf the following method and arguments were used :
mat_comparisons.plot_2_matices_comp(_2_run=['ref', 'orcarun_Wtd_mut'], resol=4Mb, comp_type='triangular', l_score_types=['insulation_count', 'PC1'], mutation=True, gs=gs, f=f, show_legend=True)
mat_comparisons.plot_2_matices_comp(_2_run=['ref', 'orcarun_Wtd_mut'], resol=4Mb, comp_type='substract', l_score_types=[], mutation=True, gs=gs, f=f, j=2)
mat_comparisons.dispersion_plot(data_type='score', l_resol=[4Mb], merged_by=rdm, mut_dist=True, score_type = insulation_count, gs=gs, f=f, j=4)
mat_comparisons.dispersion_plot(data_type='score', l_resol=[4Mb], merged_by=rdm, mut_dist=True, score_type = PC1, gs=gs, f=f, j=4)
mat_comparisons.dispersion_plot(merged_by=rdm, l_resol=[4Mb], gs=gs, f=f, ax=ax)

To produce the plots in plots_8Mb.pdf the following method and arguments were used :
mat_comparisons.plot_2_matices_comp(_2_run=['ref', 'orcarun_Wtd_mut'], resol=8Mb, comp_type='triangular', l_score_types=['insulation_count', 'PC1'], mutation=True, gs=gs, f=f, show_legend=True)
mat_comparisons.plot_2_matices_comp(_2_run=['ref', 'orcarun_Wtd_mut'], resol=8Mb, comp_type='substract', l_score_types=[], mutation=True, gs=gs, f=f, j=2)
mat_comparisons.dispersion_plot(data_type='score', l_resol=[8Mb], merged_by=rdm, mut_dist=True, score_type = insulation_count, gs=gs, f=f, j=4)
mat_comparisons.dispersion_plot(data_type='score', l_resol=[8Mb], merged_by=rdm, mut_dist=True, score_type = PC1, gs=gs, f=f, j=4)
mat_comparisons.dispersion_plot(merged_by=rdm, l_resol=[8Mb], gs=gs, f=f, ax=ax)

To produce the plots in plots_16Mb.pdf the following method and arguments were used :
mat_comparisons.plot_2_matices_comp(_2_run=['ref', 'orcarun_Wtd_mut'], resol=16Mb, comp_type='triangular', l_score_types=['insulation_count', 'PC1'], mutation=True, gs=gs, f=f, show_legend=True)
mat_comparisons.plot_2_matices_comp(_2_run=['ref', 'orcarun_Wtd_mut'], resol=16Mb, comp_type='substract', l_score_types=[], mutation=True, gs=gs, f=f, j=2)
mat_comparisons.dispersion_plot(data_type='score', l_resol=[16Mb], merged_by=rdm, mut_dist=True, score_type = insulation_count, gs=gs, f=f, j=4)
mat_comparisons.dispersion_plot(data_type='score', l_resol=[16Mb], merged_by=rdm, mut_dist=True, score_type = PC1, gs=gs, f=f, j=4)
mat_comparisons.dispersion_plot(merged_by=rdm, l_resol=[16Mb], gs=gs, f=f, ax=ax)

To produce the plots in plots_32Mb.pdf the following method and arguments were used :
mat_comparisons.plot_2_matices_comp(_2_run=['ref', 'orcarun_Wtd_mut'], resol=32Mb, comp_type='triangular', l_score_types=['insulation_count', 'PC1'], mutation=True, gs=gs, f=f, show_legend=True)
mat_comparisons.plot_2_matices_comp(_2_run=['ref', 'orcarun_Wtd_mut'], resol=32Mb, comp_type='substract', l_score_types=[], mutation=True, gs=gs, f=f, j=2)
mat_comparisons.dispersion_plot(data_type='score', l_resol=[32Mb], merged_by=rdm, mut_dist=True, score_type = insulation_count, gs=gs, f=f, j=4)
mat_comparisons.dispersion_plot(data_type='score', l_resol=[32Mb], merged_by=rdm, mut_dist=True, score_type = PC1, gs=gs, f=f, j=4)
mat_comparisons.dispersion_plot(merged_by=rdm, l_resol=[32Mb], gs=gs, f=f, ax=ax)

